<?xml version="1.0" encoding="utf-8"?><testsuites name="pytest tests"><testsuite name="pytest" errors="0" failures="0" skipped="0" tests="10" time="6.448" timestamp="2026-03-18T01:57:14.208097+00:00" hostname="agent-env-b19d4b41-dbca-4048-9d3a-a86ccad3648b"><testcase classname="backend.tests.test_reconciliation_api" name="test_workspace_endpoint_returns_expected_structure" time="0.224" /><testcase classname="backend.tests.test_reconciliation_api" name="test_demo_endpoint_loads_expected_metrics" time="0.154" /><testcase classname="backend.tests.test_reconciliation_api" name="test_run_endpoint_updates_workspace_state" time="0.256" /><testcase classname="backend.tests.test_reconciliation_api" name="test_manual_match_multi_invoice_persists_and_creates_manual_match" time="0.504" /><testcase classname="backend.tests.test_reconciliation_api" name="test_manual_match_rejects_invalid_ids" time="0.247" /><testcase classname="backend.tests.test_reconciliation_api" name="test_iso_dates_are_preserved_on_import" time="0.262" /><testcase classname="backend.tests.test_reconciliation_api" name="test_text_pdf_import_extracts_mad_invoice_and_bank_entry" time="0.321" /><testcase classname="backend.tests.test_reconciliation_api" name="test_export_csv_returns_downloadable_content" time="0.276" /><testcase classname="backend.tests.test_reconciliation_api" name="test_text_pdf_fixtures_import_and_reconcile_mad" time="0.310" /><testcase classname="backend.tests.test_reconciliation_api" name="test_scanned_invoice_pdf_returns_data_or_explicit_credit_error" time="3.301" /></testsuite></testsuites>